#
# There is insufficient memory for the Java Runtime Environment to continue.
# Native memory allocation (malloc) failed to allocate 1048576 bytes for AllocateHeap
# Possible reasons:
#   The system is out of physical RAM or swap space
#   In 32 bit mode, the process size limit was hit
# Possible solutions:
#   Reduce memory load on the system
#   Increase physical memory or swap space
#   Check if swap backing store is full
#   Use 64 bit Java on a 64 bit OS
#   Decrease Java heap size (-Xmx/-Xms)
#   Decrease number of Java threads
#   Decrease Java thread stack sizes (-Xss)
#   Set larger code cache with -XX:ReservedCodeCacheSize=
# This output file may be truncated or incomplete.
#
#  Out of Memory Error (memory/allocation.inline.hpp:61), pid=110780, tid=0x000000000001de90
#
# JRE version:  (8.0_152-b16) (build )
# Java VM: Java HotSpot(TM) 64-Bit Server VM (25.152-b16 mixed mode windows-amd64 compressed oops)
# Failed to write core dump. Minidumps are not enabled by default on client versions of Windows
#

---------------  T H R E A D  ---------------

Current thread (0x0000000002d15800):  JavaThread "Unknown thread" [_thread_in_vm, id=122512, stack(0x0000000002ad0000,0x0000000002bd0000)]

Stack: [0x0000000002ad0000,0x0000000002bd0000]
[error occurred during error reporting (printing stack bounds), id 0xc0000005]

Native frames: (J=compiled Java code, j=interpreted, Vv=VM code, C=native code)


---------------  P R O C E S S  ---------------

Java Threads: ( => current thread )

Other Threads:

=>0x0000000002d15800 (exited) JavaThread "Unknown thread" [_thread_in_vm, id=122512, stack(0x0000000002ad0000,0x0000000002bd0000)]

VM state:not at safepoint (normal execution)

VM Mutex/Monitor currently owned by a thread: None

Heap:
 PSYoungGen      total 75776K, used 1300K [0x000000076bb80000, 0x0000000771000000, 0x00000007c0000000)
  eden space 65024K, 2% used [0x000000076bb80000,0x000000076bcc51f8,0x000000076fb00000)
  from space 10752K, 0% used [0x0000000770580000,0x0000000770580000,0x0000000771000000)
  to   space 10752K, 0% used [0x000000076fb00000,0x000000076fb00000,0x0000000770580000)
 ParOldGen       total 173568K, used 0K [0x00000006c3200000, 0x00000006cdb80000, 0x000000076bb80000)
  object space 173568K, 0% used [0x00000006c3200000,0x00000006c3200000,0x00000006cdb80000)
 Metaspace       used 781K, capacity 4480K, committed 4480K, reserved 1056768K
  class space    used 75K, capacity 384K, committed 384K, reserved 1048576K

Card table byte_map: [0x00000000121d0000,0x00000000129c0000] byte_map_base: 0x000000000ebb7000

Marking Bits: (ParMarkBitMap*) 0x0000000053380860
 Begin Bits: [0x0000000013710000, 0x0000000017648000)
 End Bits:   [0x0000000017648000, 0x000000001b580000)

Polling page: 0x0000000000ee0000

CodeCache: size=245760Kb used=328Kb max_used=328Kb free=245431Kb
 bounds [0x0000000002e10000, 0x0000000003080000, 0x0000000011e10000]
 total_blobs=58 nmethods=0 adapters=38
 compilation: enabled

Compilation events (0 events):
No events

GC Heap History (0 events):
No events

Deoptimization events (0 events):
No events

Classes redefined (0 events):
No events

Internal exceptions (0 events):
No events

Events (10 events):
Event: 0.018 loading class java/lang/Short
Event: 0.018 loading class java/lang/Short done
Event: 0.018 loading class java/lang/Integer
Event: 0.018 loading class java/lang/Integer done
Event: 0.018 loading class java/lang/Long
Event: 0.019 loading class java/lang/Long done
Event: 0.019 loading class java/lang/NullPointerException
Event: 0.019 loading class java/lang/NullPointerException done
Event: 0.019 loading class java/lang/ArithmeticException
Event: 0.019 loading class java/lang/ArithmeticException done


Dynamic libraries:
0x00007ff6de830000 - 0x00007ff6de867000 	D:\soft\jdk\bin\java.exe
0x00007ffa422b0000 - 0x00007ffa424a5000 	C:\Windows\SYSTEM32\ntdll.dll
0x00007ffa41fc0000 - 0x00007ffa4207d000 	C:\Windows\System32\KERNEL32.DLL
0x00007ffa3fa40000 - 0x00007ffa3fd09000 	C:\Windows\System32\KERNELBASE.dll
0x00007ffa420b0000 - 0x00007ffa4215c000 	C:\Windows\System32\ADVAPI32.dll
0x00007ffa40940000 - 0x00007ffa409de000 	C:\Windows\System32\msvcrt.dll
0x00007ffa41510000 - 0x00007ffa415ac000 	C:\Windows\System32\sechost.dll
0x00007ffa40320000 - 0x00007ffa4044b000 	C:\Windows\System32\RPCRT4.dll
0x00007ffa41bd0000 - 0x00007ffa41d70000 	C:\Windows\System32\USER32.dll
0x00007ffa3fe40000 - 0x00007ffa3fe62000 	C:\Windows\System32\win32u.dll
0x00007ffa42080000 - 0x00007ffa420aa000 	C:\Windows\System32\GDI32.dll
0x00007ffa400a0000 - 0x00007ffa401ab000 	C:\Windows\System32\gdi32full.dll
0x00007ffa3fda0000 - 0x00007ffa3fe3d000 	C:\Windows\System32\msvcp_win.dll
0x00007ffa3fe70000 - 0x00007ffa3ff70000 	C:\Windows\System32\ucrtbase.dll
0x00007ffa29640000 - 0x00007ffa298da000 	C:\Windows\WinSxS\amd64_microsoft.windows.common-controls_6595b64144ccf1df_6.0.19041.844_none_ca00b6081b84eb1d\COMCTL32.dll
0x00007ffa41f30000 - 0x00007ffa41f60000 	C:\Windows\System32\IMM32.DLL
0x00000000540b0000 - 0x0000000054182000 	D:\soft\jdk\jre\bin\msvcr100.dll
0x0000000052b60000 - 0x0000000053400000 	D:\soft\jdk\jre\bin\server\jvm.dll
0x00007ffa41f20000 - 0x00007ffa41f28000 	C:\Windows\System32\PSAPI.DLL
0x00007ffa39c20000 - 0x00007ffa39c29000 	C:\Windows\SYSTEM32\WSOCK32.dll
0x00007ffa41a20000 - 0x00007ffa41a8b000 	C:\Windows\System32\WS2_32.dll
0x00007ffa34b20000 - 0x00007ffa34b2a000 	C:\Windows\SYSTEM32\VERSION.dll
0x00007ffa2fb90000 - 0x00007ffa2fbb7000 	C:\Windows\SYSTEM32\WINMM.dll
0x00000000540a0000 - 0x00000000540af000 	D:\soft\jdk\jre\bin\verify.dll
0x0000000054070000 - 0x0000000054099000 	D:\soft\jdk\jre\bin\java.dll
0x0000000054010000 - 0x0000000054045000 	D:\soft\jdk\jre\bin\jdwp.dll
0x0000000053f30000 - 0x0000000053f38000 	D:\soft\jdk\jre\bin\npt.dll
0x0000000053c30000 - 0x0000000053c53000 	D:\soft\jdk\jre\bin\instrument.dll
0x0000000054050000 - 0x0000000054066000 	D:\soft\jdk\jre\bin\zip.dll

VM Arguments:
jvm_args: -agentlib:jdwp=transport=dt_socket,address=127.0.0.1:53170,suspend=y,server=n -XX:TieredStopAtLevel=1 -Xverify:none -Dspring.output.ansi.enabled=always -Dcom.sun.management.jmxremote -Dspring.jmx.enabled=true -Dspring.liveBeansView.mbeanDomain -Dspring.application.admin.enabled=true -javaagent:C:\Users\MIN'SC~1\AppData\Local\Temp\captureAgent11jars\debugger-agent.jar -Dfile.encoding=UTF-8 
java_command: com.nb.springbootconsumer.SpringbootConsumerApplication
java_class_path (initial): D:\soft\jdk\jre\lib\charsets.jar;D:\soft\jdk\jre\lib\deploy.jar;D:\soft\jdk\jre\lib\ext\access-bridge-64.jar;D:\soft\jdk\jre\lib\ext\cldrdata.jar;D:\soft\jdk\jre\lib\ext\dnsns.jar;D:\soft\jdk\jre\lib\ext\jaccess.jar;D:\soft\jdk\jre\lib\ext\jfxrt.jar;D:\soft\jdk\jre\lib\ext\localedata.jar;D:\soft\jdk\jre\lib\ext\nashorn.jar;D:\soft\jdk\jre\lib\ext\sunec.jar;D:\soft\jdk\jre\lib\ext\sunjce_provider.jar;D:\soft\jdk\jre\lib\ext\sunmscapi.jar;D:\soft\jdk\jre\lib\ext\sunpkcs11.jar;D:\soft\jdk\jre\lib\ext\zipfs.jar;D:\soft\jdk\jre\lib\javaws.jar;D:\soft\jdk\jre\lib\jce.jar;D:\soft\jdk\jre\lib\jfr.jar;D:\soft\jdk\jre\lib\jfxswt.jar;D:\soft\jdk\jre\lib\jsse.jar;D:\soft\jdk\jre\lib\management-agent.jar;D:\soft\jdk\jre\lib\plugin.jar;D:\soft\jdk\jre\lib\resources.jar;D:\soft\jdk\jre\lib\rt.jar;D:\code\springboot-consumer\target\classes;D:\maven_repo\org\springframework\boot\spring-boot-starter-amqp\2.4.4\spring-boot-starter-amqp-2.4.4.jar;D:\maven_repo\org\springframework\boot\spring-boot-starter\2.4.4\spring-boot-starter-2.4.4.jar;D:\maven_repo\org\springframework\boot\spring-boot-starter-logging\2.4.4\spring-boot-starter-logging-2.4.4.jar;D:\maven_repo\ch\qos\logback\logback-classic\1.2.3\logback-classic-1.2.3.jar;D:\maven_repo\ch\qos\logback\logback-core\1.2.3\logback-core-1.2.3.jar;D:\maven_repo\org\apache\logging\log4j\log4j-to-slf4j\2.13.3\log4j-to-slf4j-2.13.3.jar;D:\maven_repo\org\apache\logging\log4j\log4j-api\2.13.3\log4j-api-2.13.3.jar;D:\maven_repo\org\slf4j\jul-to-slf4j\1.7.30\jul-to-slf4j-1.7.30.jar;D:\maven_repo\jakarta\annotation\jakarta.annotation-api\1.3.5\jakarta.annotation-api-1.3.5.jar;D:\maven_repo\org\yaml\snakeyaml\1.27\snakeyaml-1.27.jar;D:\maven_repo\org\springframework\spring-messaging\5.3.5\spring-messaging-5.3.5.jar;D:\maven_repo\org\springframework\spring-beans\5.3.5\spring-beans-5.3.5.jar;D:\maven_repo\org\springframework\amqp\spring-rabbit\2.3.6\spring-rabbit-2.3.6.jar;D:\maven_repo\org\springframework\amqp\spring-amq
Launcher Type: SUN_STANDARD

Environment Variables:
PATH=C:\Windows\system32;C:\Windows;C:\Windows\System32\Wbem;C:\Windows\System32\WindowsPowerShell\v1.0\;C:\Windows\System32\OpenSSH\;C:\Program Files (x86)\NVIDIA Corporation\PhysX\Common;C:\Program Files\NVIDIA Corporation\NVIDIA NvDLISR;D:\soft\WinSCP\;C:\ProgramData\chocolatey\bin;D:\soft\jdk\bin;D:\soft\apache-maven-3.6.3-bin\apache-maven-3.6.3\bin;D:\soft\gradle-6.8.2-all\gradle-6.8.2\bin;D:\soft\Git\cmd;D:\soft\consul_1.6.1_windows_amd64;D:\soft\node\;D:\soft\node\node_modules\npm;D:\soft\xshell\;C:\Users\min's computer\AppData\Local\Microsoft\WindowsApps;;D:\soft\idea\IntelliJ IDEA 2020.2.3\bin;;C:\Users\min's computer\AppData\Roaming\npm
USERNAME=min's computer
OS=Windows_NT
PROCESSOR_IDENTIFIER=Intel64 Family 6 Model 140 Stepping 1, GenuineIntel



---------------  S Y S T E M  ---------------

OS: Windows 10.0 , 64 bit Build 19041 (10.0.19041.804)

CPU:total 8 (initial active 8) (4 cores per cpu, 2 threads per core) family 6 model 140 stepping 1, cmov, cx8, fxsr, mmx, sse, sse2, sse3, ssse3, sse4.1, sse4.2, popcnt, avx, avx2, aes, clmul, erms, 3dnowpref, lzcnt, ht, tsc, tscinvbit, bmi1, bmi2, adx

Memory: 4k page, physical 16571704k(3441284k free), swap 29678900k(5664k free)

vm_info: Java HotSpot(TM) 64-Bit Server VM (25.152-b16) for windows-amd64 JRE (1.8.0_152-b16), built on Sep 14 2017 02:29:36 by "java_re" with MS VC++ 10.0 (VS2010)

time: Sun Mar 21 19:34:37 2021
elapsed time: 0 seconds (0d 0h 0m 0s)

